2025-01-11 16:17:51 - NLP command: list all files
2025-01-11 16:17:52 - HTTP Request: POST https://api.cohere.com/v1/generate "HTTP/1.1 200 OK"
2025-01-11 16:17:56 - CLI command: dir
2025-01-11 16:21:56 - NLP command: create new directory named test
2025-01-11 16:21:56 - HTTP Request: POST https://api.cohere.com/v1/generate "HTTP/1.1 200 OK"
2025-01-11 16:21:59 - CLI command: mkdir test
2025-01-11 16:22:12 - NLP command: delete directory named test
2025-01-11 16:22:12 - HTTP Request: POST https://api.cohere.com/v1/generate "HTTP/1.1 200 OK"
2025-01-11 16:22:14 - CLI command: rmdir test
2025-01-11 16:24:34 - NLP command: recursively delete a directory and all of its contents
2025-01-11 16:24:34 - HTTP Request: POST https://api.cohere.com/v1/generate "HTTP/1.1 200 OK"
2025-01-11 16:24:57 - Error: Failed to get style 'warning'; unable to parse 'warning' as color; 'warning' is not a valid color
2025-01-11 16:27:07 - NLP command: recursively delete all contents in this folder
2025-01-11 16:27:08 - HTTP Request: POST https://api.cohere.com/v1/generate "HTTP/1.1 200 OK"
2025-01-11 16:29:44 - NLP command: list all files
2025-01-11 16:29:44 - HTTP Request: POST https://api.cohere.com/v1/generate "HTTP/1.1 200 OK"
2025-01-11 19:40:53 - NLP command: list all files
2025-01-11 19:40:54 - HTTP Request: POST https://api.cohere.com/v1/generate "HTTP/1.1 200 OK"
2025-01-11 19:40:57 - CLI command: dir
2025-01-11 20:47:59 - NLP command: list all files
2025-01-11 20:47:59 - HTTP Request: POST https://api.cohere.com/v1/generate "HTTP/1.1 200 OK"
2025-01-11 20:48:02 - CLI command: dir
2025-01-11 23:55:00 - NLP command: list all files
2025-01-11 23:55:00 - HTTP Request: POST https://api.cohere.com/v1/generate "HTTP/1.1 200 OK"
2025-01-11 23:55:03 - Error: name 'execute_command' is not defined
2025-01-11 23:56:58 - NLP command: list all files
2025-01-11 23:56:58 - HTTP Request: POST https://api.cohere.com/v1/generate "HTTP/1.1 200 OK"
2025-01-11 23:57:00 - Error: name 'execute_command' is not defined
2025-01-11 23:57:49 - NLP command: list all files
2025-01-11 23:57:50 - HTTP Request: POST https://api.cohere.com/v1/generate "HTTP/1.1 200 OK"
2025-01-11 23:57:53 - CLI command: dir
2025-01-12 00:46:00 - NLP command: list all files
2025-01-12 00:46:00 - HTTP Request: POST https://api.cohere.com/v1/generate "HTTP/1.1 200 OK"
2025-01-12 00:46:02 - CLI command: dir
2025-01-12 00:59:54 - HTTP Request: POST https://api.cohere.com/v1/generate "HTTP/1.1 401 Unauthorized"
2025-01-12 01:04:44 - NLP command: list all files
2025-01-12 01:04:45 - HTTP Request: POST https://api.cohere.com/v1/generate "HTTP/1.1 200 OK"
2025-01-12 01:04:47 - CLI command: dir
2025-01-12 01:06:46 - HTTP Request: POST https://api.cohere.com/v1/generate "HTTP/1.1 404 Not Found"
2025-01-12 01:08:12 - HTTP Request: POST https://api.cohere.com/v1/generate "HTTP/1.1 200 OK"
2025-01-12 01:14:54 - HTTP Request: POST https://api.cohere.com/v1/generate "HTTP/1.1 200 OK"
2025-01-12 01:17:45 - HTTP Request: POST https://api.cohere.com/v1/generate "HTTP/1.1 200 OK"
2025-01-12 01:20:17 - HTTP Request: POST https://api.cohere.com/v1/generate "HTTP/1.1 200 OK"
2025-01-12 01:26:39 - HTTP Request: POST https://api.cohere.com/v1/generate "HTTP/1.1 200 OK"
2025-01-12 01:30:32 - HTTP Request: POST https://api.cohere.com/v1/generate "HTTP/1.1 200 OK"
2025-01-12 01:34:07 - HTTP Request: POST https://api.cohere.com/v1/generate "HTTP/1.1 200 OK"
2025-01-12 01:40:26 - HTTP Request: POST https://api.cohere.com/v1/generate "HTTP/1.1 200 OK"
2025-01-12 02:16:45 - HTTP Request: POST https://api.cohere.com/v1/generate "HTTP/1.1 200 OK"
2025-01-12 02:22:22 - HTTP Request: POST https://api.cohere.com/v1/generate "HTTP/1.1 200 OK"
2025-01-12 02:23:48 - HTTP Request: POST https://api.cohere.com/v1/generate "HTTP/1.1 200 OK"
2025-01-12 02:25:57 - HTTP Request: POST https://api.cohere.com/v1/generate "HTTP/1.1 200 OK"
2025-01-12 02:28:55 - HTTP Request: POST https://api.cohere.com/v1/generate "HTTP/1.1 200 OK"
2025-01-12 02:42:09 - NLP command: list all files
2025-01-12 02:42:09 - HTTP Request: POST https://api.cohere.com/v1/generate "HTTP/1.1 200 OK"
2025-01-12 02:42:12 - CLI command: dir
2025-01-12 02:49:50 - HTTP Request: POST https://api.cohere.com/v1/generate "HTTP/1.1 200 OK"
2025-01-12 02:49:51 - HTTP Request: POST https://api.cohere.com/v1/generate "HTTP/1.1 200 OK"
2025-01-12 02:49:51 - HTTP Request: POST https://api.cohere.com/v1/generate "HTTP/1.1 200 OK"
